<?xml version="1.0" encoding="UTF-8"?>
<!-- Generated by org.testng.reporters.JUnitReportReporter -->
<testsuite hostname="DESKTOP-I3PT2JI" failures="0" tests="3" name="com.qa.hubspot.tests.LoginPageTest" time="0.462" errors="0" timestamp="2021-04-05T19:49:09 ULAT" skipped="0">
  <testcase classname="com.qa.hubspot.tests.LoginPageTest" name="loginTest" time="0.296"/>
  <system-out/>
  <testcase classname="com.qa.hubspot.tests.LoginPageTest" name="verifySignUpLinkTest" time="0.140"/>
  <system-out/>
  <testcase classname="com.qa.hubspot.tests.LoginPageTest" name="verifyLoginPageTitleTest" time="0.026"/>
  <system-out/>
</testsuite> <!-- com.qa.hubspot.tests.LoginPageTest -->
