<?xml version="1.0" encoding="UTF-8"?>
<!-- Generated by org.testng.reporters.JUnitReportReporter -->
<testsuite hostname="DESKTOP-I3PT2JI" failures="0" tests="3" name="com.qa.crmpro.tests.LoginPageTest" time="7.544" errors="0" timestamp="2021-04-07T14:18:51 ULAT" skipped="0">
  <testcase classname="com.qa.crmpro.tests.LoginPageTest" name="verifyLoginPageTitleTest" time="0.599"/>
  <system-out/>
  <testcase classname="com.qa.crmpro.tests.LoginPageTest" name="verifySignUpLinkTest" time="0.334"/>
  <system-out/>
  <testcase classname="com.qa.crmpro.tests.LoginPageTest" name="loginTest" time="6.611"/>
  <system-out/>
</testsuite> <!-- com.qa.crmpro.tests.LoginPageTest -->
